Determining if the pthread_create exist failed with the following output:
Change Dir: /home/travis/build/jacksonrr3/packet/CMakeFiles/CMakeTmp

Run Build Command:"/usr/bin/make" "cmTC_b6e63/fast"
/usr/bin/make -f CMakeFiles/cmTC_b6e63.dir/build.make CMakeFiles/cmTC_b6e63.dir/build
make[1]: Entering directory '/home/travis/build/jacksonrr3/packet/CMakeFiles/CMakeTmp'
Building C object CMakeFiles/cmTC_b6e63.dir/CheckSymbolExists.c.o
/usr/local/clang-7.0.0/bin/clang    -o CMakeFiles/cmTC_b6e63.dir/CheckSymbolExists.c.o   -c /home/travis/build/jacksonrr3/packet/CMakeFiles/CMakeTmp/CheckSymbolExists.c
Linking C executable cmTC_b6e63
/usr/local/cmake-3.12.4/bin/cmake -E cmake_link_script CMakeFiles/cmTC_b6e63.dir/link.txt --verbose=1
/usr/local/clang-7.0.0/bin/clang      CMakeFiles/cmTC_b6e63.dir/CheckSymbolExists.c.o  -o cmTC_b6e63 
CMakeFiles/cmTC_b6e63.dir/CheckSymbolExists.c.o: In function `main':
CheckSymbolExists.c:(.text+0x19): undefined reference to `pthread_create'
clang-7: error: linker command failed with exit code 1 (use -v to see invocation)
CMakeFiles/cmTC_b6e63.dir/build.make:86: recipe for target 'cmTC_b6e63' failed
make[1]: *** [cmTC_b6e63] Error 1
make[1]: Leaving directory '/home/travis/build/jacksonrr3/packet/CMakeFiles/CMakeTmp'
Makefile:121: recipe for target 'cmTC_b6e63/fast' failed
make: *** [cmTC_b6e63/fast] Error 2

File /home/travis/build/jacksonrr3/packet/CMakeFiles/CMakeTmp/CheckSymbolExists.c:
/* */
#include <pthread.h>

int main(int argc, char** argv)
{
  (void)argv;
#ifndef pthread_create
  return ((int*)(&pthread_create))[argc];
#else
  (void)argc;
  return 0;
#endif
}

Determining if the function pthread_create exists in the pthreads failed with the following output:
Change Dir: /home/travis/build/jacksonrr3/packet/CMakeFiles/CMakeTmp

Run Build Command:"/usr/bin/make" "cmTC_779ae/fast"
/usr/bin/make -f CMakeFiles/cmTC_779ae.dir/build.make CMakeFiles/cmTC_779ae.dir/build
make[1]: Entering directory '/home/travis/build/jacksonrr3/packet/CMakeFiles/CMakeTmp'
Building C object CMakeFiles/cmTC_779ae.dir/CheckFunctionExists.c.o
/usr/local/clang-7.0.0/bin/clang   -DCHECK_FUNCTION_EXISTS=pthread_create   -o CMakeFiles/cmTC_779ae.dir/CheckFunctionExists.c.o   -c /usr/local/cmake-3.12.4/share/cmake-3.12/Modules/CheckFunctionExists.c
Linking C executable cmTC_779ae
/usr/local/cmake-3.12.4/bin/cmake -E cmake_link_script CMakeFiles/cmTC_779ae.dir/link.txt --verbose=1
/usr/local/clang-7.0.0/bin/clang  -DCHECK_FUNCTION_EXISTS=pthread_create    CMakeFiles/cmTC_779ae.dir/CheckFunctionExists.c.o  -o cmTC_779ae -lpthreads 
/usr/bin/ld: cannot find -lpthreads
clang-7: error: linker command failed with exit code 1 (use -v to see invocation)
CMakeFiles/cmTC_779ae.dir/build.make:86: recipe for target 'cmTC_779ae' failed
make[1]: *** [cmTC_779ae] Error 1
make[1]: Leaving directory '/home/travis/build/jacksonrr3/packet/CMakeFiles/CMakeTmp'
Makefile:121: recipe for target 'cmTC_779ae/fast' failed
make: *** [cmTC_779ae/fast] Error 2


